TN:
SF:/data/ng/assignment/src/polyfills.ts
FNF:0
FNH:0
LF:0
LH:0
BRF:0
BRH:0
end_of_record
TN:
SF:/data/ng/assignment/src/test.ts
FNF:0
FNH:0
DA:18,1
DA:23,1
DA:25,1
LF:3
LH:3
BRF:0
BRH:0
end_of_record
TN:
SF:/data/ng/assignment/src/app/app.component.ts
FN:11,(anonymous_0)
FN:15,(anonymous_1)
FN:19,(anonymous_2)
FNF:3
FNH:3
FNDA:4,(anonymous_0)
FNDA:1,(anonymous_1)
FNDA:2,(anonymous_2)
DA:8,1
DA:9,4
DA:12,4
DA:16,1
DA:20,2
DA:21,2
LF:6
LH:6
BRF:0
BRH:0
end_of_record
TN:
SF:/data/ng/assignment/src/app/common-components/design/design.component.ts
FN:17,(anonymous_0)
FN:25,(anonymous_1)
FN:30,(anonymous_2)
FNF:3
FNH:3
FNDA:4,(anonymous_0)
FNDA:4,(anonymous_1)
FNDA:1,(anonymous_2)
DA:11,1
DA:13,4
DA:17,4
DA:18,4
DA:19,4
DA:20,4
DA:22,4
DA:26,4
DA:27,4
DA:31,1
DA:33,1
DA:34,1
LF:12
LH:12
BRDA:31,0,0,1
BRDA:31,0,1,0
BRF:2
BRH:1
end_of_record
TN:
SF:/data/ng/assignment/src/app/common-components/filters/filters.component.ts
FN:14,(anonymous_0)
FN:17,(anonymous_1)
FN:18,(anonymous_2)
FNF:3
FNH:2
FNDA:2,(anonymous_0)
FNDA:2,(anonymous_1)
FNDA:0,(anonymous_2)
DA:11,1
DA:14,2
DA:18,2
DA:19,0
DA:20,0
LF:5
LH:3
BRDA:19,0,0,0
BRDA:19,0,1,0
BRF:2
BRH:0
end_of_record
TN:
SF:/data/ng/assignment/src/app/common-components/footer/footer.component.ts
FN:10,(anonymous_0)
FN:12,(anonymous_1)
FNF:2
FNH:2
FNDA:1,(anonymous_0)
FNDA:1,(anonymous_1)
DA:8,1
LF:1
LH:1
BRF:0
BRH:0
end_of_record
TN:
SF:/data/ng/assignment/src/app/common-components/header/header.component.ts
FN:10,(anonymous_0)
FN:14,(anonymous_1)
FN:17,(anonymous_2)
FNF:3
FNH:3
FNDA:3,(anonymous_0)
FNDA:3,(anonymous_1)
FNDA:2,(anonymous_2)
DA:8,1
DA:12,3
DA:18,2
LF:3
LH:3
BRF:0
BRH:0
end_of_record
TN:
SF:/data/ng/assignment/src/app/common-components/products/products.component.ts
FN:11,(anonymous_0)
FN:15,(anonymous_1)
FNF:2
FNH:2
FNDA:1,(anonymous_0)
FNDA:1,(anonymous_1)
DA:9,1
DA:11,1
DA:12,1
LF:3
LH:3
BRF:0
BRH:0
end_of_record
TN:
SF:/data/ng/assignment/src/app/common-services/filters.service.ts
FN:12,(anonymous_0)
FN:14,(anonymous_1)
FNF:2
FNH:2
FNDA:7,(anonymous_0)
FNDA:1,(anonymous_1)
DA:6,1
DA:15,1
DA:17,0
DA:19,0
DA:21,1
LF:5
LH:3
BRDA:16,0,0,0
BRDA:16,0,1,0
BRDA:16,0,2,1
BRF:3
BRH:1
end_of_record
TN:
SF:/data/ng/assignment/src/app/common-services/photos.service.ts
FN:12,(anonymous_0)
FN:14,(anonymous_1)
FNF:2
FNH:2
FNDA:8,(anonymous_0)
FNDA:8,(anonymous_1)
DA:9,1
DA:11,8
DA:15,8
DA:16,88
DA:17,88
DA:18,88
DA:22,88
DA:24,8
LF:8
LH:8
BRDA:17,0,0,16
BRDA:17,0,1,72
BRDA:17,1,0,36
BRDA:17,1,1,36
BRF:4
BRH:4
end_of_record
TN:
SF:/data/ng/assignment/src/app/common-services/template.service.ts
FN:12,(anonymous_0)
FN:14,(anonymous_1)
FN:19,(anonymous_2)
FNF:3
FNH:3
FNDA:6,(anonymous_0)
FNDA:1,(anonymous_1)
FNDA:1,(anonymous_2)
DA:10,1
DA:16,1
DA:17,1
DA:18,1
DA:19,1
DA:20,1
DA:21,1
DA:22,1
DA:26,1
LF:9
LH:9
BRF:0
BRH:0
end_of_record
